0 info it worked if it ends with ok
1 verbose cli [ 'c:\\Program Files (x86)\\nodejs\\node.exe',
1 verbose cli   'c:\\Program Files (x86)\\nodejs\\node_modules\\npm\\bin\\npm-cli.js',
1 verbose cli   'install',
1 verbose cli   'grunt-cli-g' ]
2 info using npm@1.4.28
3 info using node@v0.10.32
4 verbose readDependencies using package.json deps
5 verbose cache add [ 'grunt-cli-g', null ]
6 verbose cache add name=undefined spec="grunt-cli-g" args=["grunt-cli-g",null]
7 verbose parsed url { protocol: null,
7 verbose parsed url   slashes: null,
7 verbose parsed url   auth: null,
7 verbose parsed url   host: null,
7 verbose parsed url   port: null,
7 verbose parsed url   hostname: null,
7 verbose parsed url   hash: null,
7 verbose parsed url   search: null,
7 verbose parsed url   query: null,
7 verbose parsed url   pathname: 'grunt-cli-g',
7 verbose parsed url   path: 'grunt-cli-g',
7 verbose parsed url   href: 'grunt-cli-g' }
8 silly lockFile ababe170-grunt-cli-g grunt-cli-g
9 verbose lock grunt-cli-g C:\Users\dpattabirama\AppData\Roaming\npm-cache\ababe170-grunt-cli-g.lock
10 silly lockFile ababe170-grunt-cli-g grunt-cli-g
11 silly lockFile ababe170-grunt-cli-g grunt-cli-g
12 verbose addNamed [ 'grunt-cli-g', '' ]
13 verbose addNamed [ null, '*' ]
14 silly lockFile 3bb8618c-grunt-cli-g grunt-cli-g@
15 verbose lock grunt-cli-g@ C:\Users\dpattabirama\AppData\Roaming\npm-cache\3bb8618c-grunt-cli-g.lock
16 silly addNameRange { name: 'grunt-cli-g', range: '*', hasData: false }
17 verbose request where is /grunt-cli-g
18 verbose request registry https://registry.npmjs.org/
19 verbose request id 236876b04cffecc5
20 verbose url raw /grunt-cli-g
21 verbose url resolving [ 'https://registry.npmjs.org/', './grunt-cli-g' ]
22 verbose url resolved https://registry.npmjs.org/grunt-cli-g
23 verbose request where is https://registry.npmjs.org/grunt-cli-g
24 info trying registry request attempt 1 at 15:27:27
25 http GET https://registry.npmjs.org/grunt-cli-g
26 http 404 https://registry.npmjs.org/grunt-cli-g
27 verbose headers { date: 'Tue, 30 Sep 2014 20:27:27 GMT',
27 verbose headers   server: 'CouchDB/1.5.0 (Erlang OTP/R16B03)',
27 verbose headers   'content-type': 'application/json',
27 verbose headers   'cache-control': 'max-age=0',
27 verbose headers   'content-length': '52',
27 verbose headers   'accept-ranges': 'bytes',
27 verbose headers   via: '1.1 varnish',
27 verbose headers   age: '0',
27 verbose headers   'x-served-by': 'cache-ord1728-ORD',
27 verbose headers   'x-cache': 'MISS',
27 verbose headers   'x-cache-hits': '0',
27 verbose headers   'x-timer': 'S1412108847.351790,VS0,VE67',
27 verbose headers   'keep-alive': 'timeout=10, max=50',
27 verbose headers   connection: 'Keep-Alive' }
28 silly registry.get cb [ 404,
28 silly registry.get   { date: 'Tue, 30 Sep 2014 20:27:27 GMT',
28 silly registry.get     server: 'CouchDB/1.5.0 (Erlang OTP/R16B03)',
28 silly registry.get     'content-type': 'application/json',
28 silly registry.get     'cache-control': 'max-age=0',
28 silly registry.get     'content-length': '52',
28 silly registry.get     'accept-ranges': 'bytes',
28 silly registry.get     via: '1.1 varnish',
28 silly registry.get     age: '0',
28 silly registry.get     'x-served-by': 'cache-ord1728-ORD',
28 silly registry.get     'x-cache': 'MISS',
28 silly registry.get     'x-cache-hits': '0',
28 silly registry.get     'x-timer': 'S1412108847.351790,VS0,VE67',
28 silly registry.get     'keep-alive': 'timeout=10, max=50',
28 silly registry.get     connection: 'Keep-Alive' } ]
29 silly lockFile 3bb8618c-grunt-cli-g grunt-cli-g@
30 silly lockFile 3bb8618c-grunt-cli-g grunt-cli-g@
31 error 404 404 Not Found: grunt-cli-g
31 error 404
31 error 404 'grunt-cli-g' is not in the npm registry.
31 error 404 You should bug the author to publish it
31 error 404 It was specified as a dependency of 'example-sim'
31 error 404
31 error 404 Note that you can also install from a
31 error 404 tarball, folder, or http url, or git url.
32 error System Windows_NT 6.1.7601
33 error command "c:\\Program Files (x86)\\nodejs\\node.exe" "c:\\Program Files (x86)\\nodejs\\node_modules\\npm\\bin\\npm-cli.js" "install" "grunt-cli-g"
34 error cwd c:\Users\dpattabirama\phetsims\example-sim
35 error node -v v0.10.32
36 error npm -v 1.4.28
37 error code E404
38 verbose exit [ 1, true ]
